<?xml version="1.0" encoding="UTF-8"?>
<testsuite xmlns:xsi="http://www.w3.org/2001/XMLSchema-instance" xsi:noNamespaceSchemaLocation="https://maven.apache.org/surefire/maven-surefire-plugin/xsd/surefire-test-report-3.0.xsd" version="3.0" name="com.website.billCalculator.BillCalculatorApplicationTests" time="28.763" tests="1" errors="0" skipped="0" failures="0">
  <properties>
[...]
</properties>
  <testcase name="contextLoads" classname="com.website.billCalculator.BillCalculatorApplicationTests" time="2.036">
    <system-out><![CDATA[03:11:56.739 [main] DEBUG org.springframework.test.context.BootstrapUtils - Instantiating CacheAwareContextLoaderDelegate from class [org.springframework.test.context.cache.DefaultCacheAwareContextLoaderDelegate]
03:11:56.833 [main] DEBUG org.springframework.test.context.BootstrapUtils - Instantiating BootstrapContext using constructor [public org.springframework.test.context.support.DefaultBootstrapContext(java.lang.Class,org.springframework.test.context.CacheAwareContextLoaderDelegate)]
03:11:57.224 [main] DEBUG org.springframework.test.context.BootstrapUtils - Instantiating TestContextBootstrapper for test class [com.website.billCalculator.BillCalculatorApplicationTests] from class [org.springframework.boot.test.context.SpringBootTestContextBootstrapper]
03:11:57.333 [main] INFO org.springframework.boot.test.context.SpringBootTestContextBootstrapper - Neither @ContextConfiguration nor @ContextHierarchy found for test class [com.website.billCalculator.BillCalculatorApplicationTests], using SpringBootContextLoader
03:11:57.398 [main] DEBUG org.springframework.test.context.support.AbstractContextLoader - Did not detect default resource location for test class [com.website.billCalculator.BillCalculatorApplicationTests]: class path resource [com/website/billCalculator/BillCalculatorApplicationTests-context.xml] does not exist
03:11:57.399 [main] DEBUG org.springframework.test.context.support.AbstractContextLoader - Did not detect default resource location for test class [com.website.billCalculator.BillCalculatorApplicationTests]: class path resource [com/website/billCalculator/BillCalculatorApplicationTestsContext.groovy] does not exist
03:11:57.399 [main] INFO org.springframework.test.context.support.AbstractContextLoader - Could not detect default resource locations for test class [com.website.billCalculator.BillCalculatorApplicationTests]: no resource found for suffixes {-context.xml, Context.groovy}.
03:11:57.401 [main] INFO org.springframework.test.context.support.AnnotationConfigContextLoaderUtils - Could not detect default configuration classes for test class [com.website.billCalculator.BillCalculatorApplicationTests]: BillCalculatorApplicationTests does not declare any static, non-private, non-final, nested classes annotated with @Configuration.
03:11:57.743 [main] DEBUG org.springframework.test.context.support.ActiveProfilesUtils - Could not find an 'annotation declaring class' for annotation type [org.springframework.test.context.ActiveProfiles] and class [com.website.billCalculator.BillCalculatorApplicationTests]
03:11:58.621 [main] DEBUG org.springframework.context.annotation.ClassPathScanningCandidateComponentProvider - Identified candidate component class: file [C:\Users\gldng\Spring Projects\billCalculator\target\classes\com\website\billCalculator\BillCalculatorApplication.class]
03:11:58.650 [main] INFO org.springframework.boot.test.context.SpringBootTestContextBootstrapper - Found @SpringBootConfiguration com.website.billCalculator.BillCalculatorApplication for test class com.website.billCalculator.BillCalculatorApplicationTests
03:11:59.963 [main] DEBUG org.springframework.boot.test.context.SpringBootTestContextBootstrapper - @TestExecutionListeners is not present for class [com.website.billCalculator.BillCalculatorApplicationTests]: using defaults.
03:11:59.966 [main] INFO org.springframework.boot.test.context.SpringBootTestContextBootstrapper - Loaded default TestExecutionListener class names from location [META-INF/spring.factories]: [org.springframework.boot.test.mock.mockito.MockitoTestExecutionListener, org.springframework.boot.test.mock.mockito.ResetMocksTestExecutionListener, org.springframework.boot.test.autoconfigure.restdocs.RestDocsTestExecutionListener, org.springframework.boot.test.autoconfigure.web.client.MockRestServiceServerResetTestExecutionListener, org.springframework.boot.test.autoconfigure.web.servlet.MockMvcPrintOnlyOnFailureTestExecutionListener, org.springframework.boot.test.autoconfigure.web.servlet.WebDriverTestExecutionListener, org.springframework.boot.test.autoconfigure.webservices.client.MockWebServiceServerTestExecutionListener, org.springframework.test.context.web.ServletTestExecutionListener, org.springframework.test.context.support.DirtiesContextBeforeModesTestExecutionListener, org.springframework.test.context.event.ApplicationEventsTestExecutionListener, org.springframework.test.context.support.DependencyInjectionTestExecutionListener, org.springframework.test.context.support.DirtiesContextTestExecutionListener, org.springframework.test.context.transaction.TransactionalTestExecutionListener, org.springframework.test.context.jdbc.SqlScriptsTestExecutionListener, org.springframework.test.context.event.EventPublishingTestExecutionListener]
03:12:00.095 [main] DEBUG org.springframework.boot.test.context.SpringBootTestContextBootstrapper - Skipping candidate TestExecutionListener [org.springframework.test.context.transaction.TransactionalTestExecutionListener] due to a missing dependency. Specify custom listener classes or make the default listener classes and their required dependencies available. Offending class: [org/springframework/transaction/interceptor/TransactionAttributeSource]
03:12:00.109 [main] DEBUG org.springframework.boot.test.context.SpringBootTestContextBootstrapper - Skipping candidate TestExecutionListener [org.springframework.test.context.jdbc.SqlScriptsTestExecutionListener] due to a missing dependency. Specify custom listener classes or make the default listener classes and their required dependencies available. Offending class: [org/springframework/transaction/interceptor/TransactionAttribute]
03:12:00.110 [main] INFO org.springframework.boot.test.context.SpringBootTestContextBootstrapper - Using TestExecutionListeners: [org.springframework.test.context.web.ServletTestExecutionListener@26101efc, org.springframework.test.context.support.DirtiesContextBeforeModesTestExecutionListener@4e2109fe, org.springframework.test.context.event.ApplicationEventsTestExecutionListener@18dac12f, org.springframework.boot.test.mock.mockito.MockitoTestExecutionListener@36cfe107, org.springframework.boot.test.autoconfigure.SpringBootDependencyInjectionTestExecutionListener@100eeedc, org.springframework.test.context.support.DirtiesContextTestExecutionListener@56266bda, org.springframework.test.context.event.EventPublishingTestExecutionListener@18bb1b88, org.springframework.boot.test.mock.mockito.ResetMocksTestExecutionListener@51b51641, org.springframework.boot.test.autoconfigure.restdocs.RestDocsTestExecutionListener@362a6aa5, org.springframework.boot.test.autoconfigure.web.client.MockRestServiceServerResetTestExecutionListener@53b7bf01, org.springframework.boot.test.autoconfigure.web.servlet.MockMvcPrintOnlyOnFailureTestExecutionListener@139089a4, org.springframework.boot.test.autoconfigure.web.servlet.WebDriverTestExecutionListener@6a6e9289, org.springframework.boot.test.autoconfigure.webservices.client.MockWebServiceServerTestExecutionListener@ff4b223]
03:12:00.139 [main] DEBUG org.springframework.test.context.support.AbstractDirtiesContextTestExecutionListener - Before test class: context [DefaultTestContext@43a59289 testClass = BillCalculatorApplicationTests, testInstance = [null], testMethod = [null], testException = [null], mergedContextConfiguration = [WebMergedContextConfiguration@6c2883b1 testClass = BillCalculatorApplicationTests, locations = '{}', classes = '{class com.website.billCalculator.BillCalculatorApplication}', contextInitializerClasses = '[]', activeProfiles = '{}', propertySourceLocations = '{}', propertySourceProperties = '{org.springframework.boot.test.context.SpringBootTestContextBootstrapper=true}', contextCustomizers = set[org.springframework.boot.test.context.filter.ExcludeFilterContextCustomizer@355c94be, org.springframework.boot.test.json.DuplicateJsonObjectContextCustomizerFactory$DuplicateJsonObjectContextCustomizer@7d32e714, org.springframework.boot.test.mock.mockito.MockitoContextCustomizer@0, org.springframework.boot.test.web.client.TestRestTemplateContextCustomizer@19e0dffe, org.springframework.boot.test.autoconfigure.actuate.metrics.MetricsExportContextCustomizerFactory$DisableMetricExportContextCustomizer@dd2856e, org.springframework.boot.test.autoconfigure.properties.PropertyMappingContextCustomizer@0, org.springframework.boot.test.autoconfigure.web.servlet.WebDriverContextCustomizerFactory$Customizer@36920bd6, org.springframework.boot.test.context.SpringBootTestArgs@1, org.springframework.boot.test.context.SpringBootTestWebEnvironment@3542162a], resourceBasePath = 'src/main/webapp', contextLoader = 'org.springframework.boot.test.context.SpringBootContextLoader', parent = [null]], attributes = map['org.springframework.test.context.web.ServletTestExecutionListener.activateListener' -> true]], class annotated with @DirtiesContext [false] with mode [null].
03:12:00.389 [main] DEBUG org.springframework.test.context.support.TestPropertySourceUtils - Adding inlined properties to environment: {spring.jmx.enabled=false, org.springframework.boot.test.context.SpringBootTestContextBootstrapper=true}

  .   ____          _            __ _ _
 /\\ / ___'_ __ _ _(_)_ __  __ _ \ \ \ \
( ( )\___ | '_ | '_| | '_ \/ _` | \ \ \ \
 \\/  ___)| |_)| | | | | || (_| |  ) ) ) )
  '  |____| .__|_| |_|_| |_\__, | / / / /
 =========|_|==============|___/=/_/_/_/
 :: Spring Boot ::                (v2.4.3)

2021-03-04 03:12:02.114  INFO 11400 --- [           main] c.w.b.BillCalculatorApplicationTests     : Starting BillCalculatorApplicationTests using Java 1.8.0_151 on LAPTOP-PSOGCIC4 with PID 11400 (started by gldng in C:\Users\gldng\Spring Projects\billCalculator)
2021-03-04 03:12:02.119  INFO 11400 --- [           main] c.w.b.BillCalculatorApplicationTests     : No active profile set, falling back to default profiles: default
2021-03-04 03:12:17.922  INFO 11400 --- [           main] o.s.s.concurrent.ThreadPoolTaskExecutor  : Initializing ExecutorService 'applicationTaskExecutor'
2021-03-04 03:12:22.842  INFO 11400 --- [           main] c.w.b.BillCalculatorApplicationTests     : Started BillCalculatorApplicationTests in 22.4 seconds (JVM running for 35.412)
]]></system-out>
  </testcase>
</testsuite>